Determining if the pthread_create exist failed with the following output:
Change Dir: /home/ian/BurritoSwarm/flight_code/ROS/build/CMakeFiles/CMakeTmp

Run Build Command:"/usr/bin/make" "cmTryCompileExec3849421046/fast"
/usr/bin/make -f CMakeFiles/cmTryCompileExec3849421046.dir/build.make CMakeFiles/cmTryCompileExec3849421046.dir/build
make[1]: Entering directory `/home/ian/BurritoSwarm/flight_code/ROS/build/CMakeFiles/CMakeTmp'
/usr/bin/cmake -E cmake_progress_report /home/ian/BurritoSwarm/flight_code/ROS/build/CMakeFiles/CMakeTmp/CMakeFiles 1
Building C object CMakeFiles/cmTryCompileExec3849421046.dir/CheckSymbolExists.c.o
/usr/bin/cc    -o CMakeFiles/cmTryCompileExec3849421046.dir/CheckSymbolExists.c.o   -c /home/ian/BurritoSwarm/flight_code/ROS/build/CMakeFiles/CMakeTmp/CheckSymbolExists.c
Linking C executable cmTryCompileExec3849421046
/usr/bin/cmake -E cmake_link_script CMakeFiles/cmTryCompileExec3849421046.dir/link.txt --verbose=1
/usr/bin/cc       CMakeFiles/cmTryCompileExec3849421046.dir/CheckSymbolExists.c.o  -o cmTryCompileExec3849421046 -rdynamic 
CMakeFiles/cmTryCompileExec3849421046.dir/CheckSymbolExists.c.o: In function `main':
CheckSymbolExists.c:(.text+0x16): undefined reference to `pthread_create'
collect2: error: ld returned 1 exit status
make[1]: *** [cmTryCompileExec3849421046] Error 1
make[1]: Leaving directory `/home/ian/BurritoSwarm/flight_code/ROS/build/CMakeFiles/CMakeTmp'
make: *** [cmTryCompileExec3849421046/fast] Error 2

File /home/ian/BurritoSwarm/flight_code/ROS/build/CMakeFiles/CMakeTmp/CheckSymbolExists.c:
/* */
#include <pthread.h>

int main(int argc, char** argv)
{
  (void)argv;
#ifndef pthread_create
  return ((int*)(&pthread_create))[argc];
#else
  (void)argc;
  return 0;
#endif
}

Determining if the function pthread_create exists in the pthreads failed with the following output:
Change Dir: /home/ian/BurritoSwarm/flight_code/ROS/build/CMakeFiles/CMakeTmp

Run Build Command:"/usr/bin/make" "cmTryCompileExec1451085867/fast"
/usr/bin/make -f CMakeFiles/cmTryCompileExec1451085867.dir/build.make CMakeFiles/cmTryCompileExec1451085867.dir/build
make[1]: Entering directory `/home/ian/BurritoSwarm/flight_code/ROS/build/CMakeFiles/CMakeTmp'
/usr/bin/cmake -E cmake_progress_report /home/ian/BurritoSwarm/flight_code/ROS/build/CMakeFiles/CMakeTmp/CMakeFiles 1
Building C object CMakeFiles/cmTryCompileExec1451085867.dir/CheckFunctionExists.c.o
/usr/bin/cc   -DCHECK_FUNCTION_EXISTS=pthread_create   -o CMakeFiles/cmTryCompileExec1451085867.dir/CheckFunctionExists.c.o   -c /usr/share/cmake-3.2/Modules/CheckFunctionExists.c
Linking C executable cmTryCompileExec1451085867
/usr/bin/cmake -E cmake_link_script CMakeFiles/cmTryCompileExec1451085867.dir/link.txt --verbose=1
/usr/bin/cc   -DCHECK_FUNCTION_EXISTS=pthread_create    CMakeFiles/cmTryCompileExec1451085867.dir/CheckFunctionExists.c.o  -o cmTryCompileExec1451085867 -rdynamic -lpthreads 
/usr/bin/ld: cannot find -lpthreads
collect2: error: ld returned 1 exit status
make[1]: *** [cmTryCompileExec1451085867] Error 1
make[1]: Leaving directory `/home/ian/BurritoSwarm/flight_code/ROS/build/CMakeFiles/CMakeTmp'
make: *** [cmTryCompileExec1451085867/fast] Error 2


